[36mvite v4.5.5 [32mbuilding for production...[36m[39m
transforming...
[32m✓[39m 3696 modules transformed.
rendering chunks...
computing gzip size...
[2mdist/[22m[32mindex.html                                   [39m[1m[2m  0.49 kB[22m[1m[22m[2m │ gzip:   0.31 kB[22m
[2mdist/[22m[35massets/index-d07e1d6b.css                    [39m[1m[2m 72.54 kB[22m[1m[22m[2m │ gzip:  12.75 kB[22m
[2mdist/[22m[36massets/check-33f292f6.js                     [39m[1m[2m  0.12 kB[22m[1m[22m[2m │ gzip:   0.13 kB[22m
[2mdist/[22m[36massets/chevron-down-c8652852.js              [39m[1m[2m  0.12 kB[22m[1m[22m[2m │ gzip:   0.14 kB[22m
[2mdist/[22m[36massets/chevron-right-9881a0bf.js             [39m[1m[2m  0.13 kB[22m[1m[22m[2m │ gzip:   0.14 kB[22m
[2mdist/[22m[36massets/loader-2-8a1646e8.js                  [39m[1m[2m  0.14 kB[22m[1m[22m[2m │ gzip:   0.15 kB[22m
[2mdist/[22m[36massets/plus-e7392751.js                      [39m[1m[2m  0.15 kB[22m[1m[22m[2m │ gzip:   0.15 kB[22m
[2mdist/[22m[36massets/filter-0490c6cc.js                    [39m[1m[2m  0.16 kB[22m[1m[22m[2m │ gzip:   0.16 kB[22m
[2mdist/[22m[36massets/arrow-right-bd521975.js               [39m[1m[2m  0.16 kB[22m[1m[22m[2m │ gzip:   0.16 kB[22m
[2mdist/[22m[36massets/arrow-left-f5f3b10c.js                [39m[1m[2m  0.16 kB[22m[1m[22m[2m │ gzip:   0.16 kB[22m
[2mdist/[22m[36massets/search-04a425c3.js                    [39m[1m[2m  0.16 kB[22m[1m[22m[2m │ gzip:   0.16 kB[22m
[2mdist/[22m[36massets/ban-f016f456.js                       [39m[1m[2m  0.17 kB[22m[1m[22m[2m │ gzip:   0.16 kB[22m
[2mdist/[22m[36massets/chevrons-up-down-a10b7b44.js          [39m[1m[2m  0.17 kB[22m[1m[22m[2m │ gzip:   0.16 kB[22m
[2mdist/[22m[36massets/check-circle-7e55cbe5.js              [39m[1m[2m  0.19 kB[22m[1m[22m[2m │ gzip:   0.18 kB[22m
[2mdist/[22m[36massets/eye-4c9a0761.js                       [39m[1m[2m  0.19 kB[22m[1m[22m[2m │ gzip:   0.17 kB[22m
[2mdist/[22m[36massets/user-e1dddce5.js                      [39m[1m[2m  0.19 kB[22m[1m[22m[2m │ gzip:   0.18 kB[22m
[2mdist/[22m[36massets/map-pin-7f1ee369.js                   [39m[1m[2m  0.20 kB[22m[1m[22m[2m │ gzip:   0.18 kB[22m
[2mdist/[22m[36massets/plus-circle-d013c054.js               [39m[1m[2m  0.20 kB[22m[1m[22m[2m │ gzip:   0.17 kB[22m
[2mdist/[22m[36massets/trending-up-51e7febb.js               [39m[1m[2m  0.20 kB[22m[1m[22m[2m │ gzip:   0.17 kB[22m
[2mdist/[22m[36massets/lock-d810f707.js                      [39m[1m[2m  0.20 kB[22m[1m[22m[2m │ gzip:   0.19 kB[22m
[2mdist/[22m[36massets/credit-card-86b5ae9c.js               [39m[1m[2m  0.20 kB[22m[1m[22m[2m │ gzip:   0.18 kB[22m
[2mdist/[22m[36massets/trending-down-61ee79cb.js             [39m[1m[2m  0.20 kB[22m[1m[22m[2m │ gzip:   0.17 kB[22m
[2mdist/[22m[36massets/bell-9724afbf.js                      [39m[1m[2m  0.21 kB[22m[1m[22m[2m │ gzip:   0.18 kB[22m
[2mdist/[22m[36massets/mail-53173e20.js                      [39m[1m[2m  0.21 kB[22m[1m[22m[2m │ gzip:   0.20 kB[22m
[2mdist/[22m[36massets/dollar-sign-045b9a64.js               [39m[1m[2m  0.22 kB[22m[1m[22m[2m │ gzip:   0.19 kB[22m
[2mdist/[22m[36massets/index-376702d9.js                     [39m[1m[2m  0.22 kB[22m[1m[22m[2m │ gzip:   0.20 kB[22m
[2mdist/[22m[36massets/more-horizontal-21d960bd.js           [39m[1m[2m  0.22 kB[22m[1m[22m[2m │ gzip:   0.16 kB[22m
[2mdist/[22m[36massets/briefcase-2f802095.js                 [39m[1m[2m  0.23 kB[22m[1m[22m[2m │ gzip:   0.20 kB[22m
[2mdist/[22m[36massets/shield-alert-c05ddcff.js              [39m[1m[2m  0.23 kB[22m[1m[22m[2m │ gzip:   0.19 kB[22m
[2mdist/[22m[36massets/bar-chart-3-309ee603.js               [39m[1m[2m  0.23 kB[22m[1m[22m[2m │ gzip:   0.18 kB[22m
[2mdist/[22m[36massets/history-c9ae44ce.js                   [39m[1m[2m  0.23 kB[22m[1m[22m[2m │ gzip:   0.19 kB[22m
[2mdist/[22m[36massets/circle-dollar-sign-402a0092.js        [39m[1m[2m  0.24 kB[22m[1m[22m[2m │ gzip:   0.20 kB[22m
[2mdist/[22m[36massets/banknote-1255d218.js                  [39m[1m[2m  0.24 kB[22m[1m[22m[2m │ gzip:   0.20 kB[22m
[2mdist/[22m[36massets/pen-square-63ead9b2.js                [39m[1m[2m  0.24 kB[22m[1m[22m[2m │ gzip:   0.20 kB[22m
[2mdist/[22m[36massets/bar-chart-2-8109f425.js               [39m[1m[2m  0.25 kB[22m[1m[22m[2m │ gzip:   0.18 kB[22m
[2mdist/[22m[36massets/startOfMonth-3e26d254.js              [39m[1m[2m  0.25 kB[22m[1m[22m[2m │ gzip:   0.18 kB[22m
[2mdist/[22m[36massets/shopping-bag-bd3d9c69.js              [39m[1m[2m  0.25 kB[22m[1m[22m[2m │ gzip:   0.20 kB[22m
[2mdist/[22m[36massets/wallet-5f8c84f8.js                    [39m[1m[2m  0.25 kB[22m[1m[22m[2m │ gzip:   0.19 kB[22m
[2mdist/[22m[36massets/user-check-3faacca1.js                [39m[1m[2m  0.25 kB[22m[1m[22m[2m │ gzip:   0.22 kB[22m
[2mdist/[22m[36massets/download-1f60e836.js                  [39m[1m[2m  0.26 kB[22m[1m[22m[2m │ gzip:   0.21 kB[22m
[2mdist/[22m[36massets/alert-triangle-751cef7c.js            [39m[1m[2m  0.26 kB[22m[1m[22m[2m │ gzip:   0.21 kB[22m
[2mdist/[22m[36massets/coins-d48cf727.js                     [39m[1m[2m  0.28 kB[22m[1m[22m[2m │ gzip:   0.22 kB[22m
[2mdist/[22m[36massets/save-834482c4.js                      [39m[1m[2m  0.28 kB[22m[1m[22m[2m │ gzip:   0.21 kB[22m
[2mdist/[22m[36massets/shopping-cart-a02f5f51.js             [39m[1m[2m  0.28 kB[22m[1m[22m[2m │ gzip:   0.23 kB[22m
[2mdist/[22m[36massets/scroll-area-00ebe5b9.js               [39m[1m[2m  0.30 kB[22m[1m[22m[2m │ gzip:   0.22 kB[22m
[2mdist/[22m[36massets/users-a878ce06.js                     [39m[1m[2m  0.30 kB[22m[1m[22m[2m │ gzip:   0.22 kB[22m
[2mdist/[22m[36massets/calendar-1c152776.js                  [39m[1m[2m  0.31 kB[22m[1m[22m[2m │ gzip:   0.21 kB[22m
[2mdist/[22m[36massets/layout-dashboard-cf6155f1.js          [39m[1m[2m  0.35 kB[22m[1m[22m[2m │ gzip:   0.20 kB[22m
[2mdist/[22m[36massets/trash-2-a4abfdd0.js                   [39m[1m[2m  0.35 kB[22m[1m[22m[2m │ gzip:   0.24 kB[22m
[2mdist/[22m[36massets/package-e3335117.js                   [39m[1m[2m  0.36 kB[22m[1m[22m[2m │ gzip:   0.24 kB[22m
[2mdist/[22m[36massets/file-text-781a596e.js                 [39m[1m[2m  0.39 kB[22m[1m[22m[2m │ gzip:   0.25 kB[22m
[2mdist/[22m[36massets/eye-off-1ade6378.js                   [39m[1m[2m  0.40 kB[22m[1m[22m[2m │ gzip:   0.27 kB[22m
[2mdist/[22m[36massets/landmark-8a77ddb3.js                  [39m[1m[2m  0.40 kB[22m[1m[22m[2m │ gzip:   0.23 kB[22m
[2mdist/[22m[36massets/list-55af8dae.js                      [39m[1m[2m  0.41 kB[22m[1m[22m[2m │ gzip:   0.20 kB[22m
[2mdist/[22m[36massets/building-2-b16a0cfd.js                [39m[1m[2m  0.44 kB[22m[1m[22m[2m │ gzip:   0.25 kB[22m
[2mdist/[22m[36massets/menu-daf30fa8.js                      [39m[1m[2m  0.44 kB[22m[1m[22m[2m │ gzip:   0.27 kB[22m
[2mdist/[22m[36massets/package-plus-b9bfae2a.js              [39m[1m[2m  0.45 kB[22m[1m[22m[2m │ gzip:   0.29 kB[22m
[2mdist/[22m[36massets/textarea-576b23de.js                  [39m[1m[2m  0.48 kB[22m[1m[22m[2m │ gzip:   0.32 kB[22m
[2mdist/[22m[36massets/BusinessProfilePage-9e2fed3d.js       [39m[1m[2m  0.49 kB[22m[1m[22m[2m │ gzip:   0.30 kB[22m
[2mdist/[22m[36massets/index-df2c44f7.js                     [39m[1m[2m  0.51 kB[22m[1m[22m[2m │ gzip:   0.33 kB[22m
[2mdist/[22m[36massets/building-aadb8d78.js                  [39m[1m[2m  0.54 kB[22m[1m[22m[2m │ gzip:   0.27 kB[22m
[2mdist/[22m[36massets/input-c9b88694.js                     [39m[1m[2m  0.55 kB[22m[1m[22m[2m │ gzip:   0.34 kB[22m
[2mdist/[22m[36massets/subDays-c22afb42.js                   [39m[1m[2m  0.55 kB[22m[1m[22m[2m │ gzip:   0.32 kB[22m
[2mdist/[22m[36massets/sun-af5414b7.js                       [39m[1m[2m  0.55 kB[22m[1m[22m[2m │ gzip:   0.29 kB[22m
[2mdist/[22m[36massets/label-79bb95c1.js                     [39m[1m[2m  0.56 kB[22m[1m[22m[2m │ gzip:   0.38 kB[22m
[2mdist/[22m[36massets/store-bbdf07b6.js                     [39m[1m[2m  0.65 kB[22m[1m[22m[2m │ gzip:   0.30 kB[22m
[2mdist/[22m[36massets/SellerSelector-1dea6b23.js            [39m[1m[2m  0.66 kB[22m[1m[22m[2m │ gzip:   0.39 kB[22m
[2mdist/[22m[36massets/badge-8ddda173.js                     [39m[1m[2m  0.71 kB[22m[1m[22m[2m │ gzip:   0.37 kB[22m
[2mdist/[22m[36massets/settings-0e651051.js                  [39m[1m[2m  0.72 kB[22m[1m[22m[2m │ gzip:   0.33 kB[22m
[2mdist/[22m[36massets/index-e6c78ab1.js                     [39m[1m[2m  0.79 kB[22m[1m[22m[2m │ gzip:   0.51 kB[22m
[2mdist/[22m[36massets/DatePickerWithRange-a51b2b23.js       [39m[1m[2m  0.96 kB[22m[1m[22m[2m │ gzip:   0.54 kB[22m
[2mdist/[22m[36massets/card-2df57166.js                      [39m[1m[2m  1.02 kB[22m[1m[22m[2m │ gzip:   0.38 kB[22m
[2mdist/[22m[36massets/button-46d45ada.js                    [39m[1m[2m  1.25 kB[22m[1m[22m[2m │ gzip:   0.59 kB[22m
[2mdist/[22m[36massets/Dashboard-348bb57f.js                 [39m[1m[2m  1.45 kB[22m[1m[22m[2m │ gzip:   0.72 kB[22m
[2mdist/[22m[36massets/table-23645fe6.js                     [39m[1m[2m  1.49 kB[22m[1m[22m[2m │ gzip:   0.52 kB[22m
[2mdist/[22m[36massets/AccessDeniedPage-fd0d3afe.js          [39m[1m[2m  1.50 kB[22m[1m[22m[2m │ gzip:   0.69 kB[22m
[2mdist/[22m[36massets/AdminTable-f1486d6a.js                [39m[1m[2m  1.54 kB[22m[1m[22m[2m │ gzip:   0.71 kB[22m
[2mdist/[22m[36massets/avatar-8227cdc4.js                    [39m[1m[2m  1.76 kB[22m[1m[22m[2m │ gzip:   0.82 kB[22m
[2mdist/[22m[36massets/UpdatePasswordPage-ba5214fb.js        [39m[1m[2m  1.77 kB[22m[1m[22m[2m │ gzip:   0.88 kB[22m
[2mdist/[22m[36massets/rateLimiter-feefdca1.js               [39m[1m[2m  2.12 kB[22m[1m[22m[2m │ gzip:   0.95 kB[22m
[2mdist/[22m[36massets/adminUtils-9edec286.js                [39m[1m[2m  2.21 kB[22m[1m[22m[2m │ gzip:   0.57 kB[22m
[2mdist/[22m[36massets/NotificationsPage-cc4159fe.js         [39m[1m[2m  2.22 kB[22m[1m[22m[2m │ gzip:   0.95 kB[22m
[2mdist/[22m[36massets/MarketManagement-64ea21b9.js          [39m[1m[2m  2.28 kB[22m[1m[22m[2m │ gzip:   0.95 kB[22m
[2mdist/[22m[36massets/dialog-c85e5a62.js                    [39m[1m[2m  2.29 kB[22m[1m[22m[2m │ gzip:   0.87 kB[22m
[2mdist/[22m[36massets/ManagerDashboard-e92a04c9.js          [39m[1m[2m  2.61 kB[22m[1m[22m[2m │ gzip:   1.02 kB[22m
[2mdist/[22m[36massets/ActivateAccountPage-90686127.js       [39m[1m[2m  2.62 kB[22m[1m[22m[2m │ gzip:   1.19 kB[22m
[2mdist/[22m[36massets/SellerDashboard-1da411fe.js           [39m[1m[2m  2.72 kB[22m[1m[22m[2m │ gzip:   1.07 kB[22m
[2mdist/[22m[36massets/parseISO-dd985aad.js                  [39m[1m[2m  2.72 kB[22m[1m[22m[2m │ gzip:   1.21 kB[22m
[2mdist/[22m[36massets/separator-ae365431.js                 [39m[1m[2m  3.04 kB[22m[1m[22m[2m │ gzip:   1.40 kB[22m
[2mdist/[22m[36massets/tabs-49c05f71.js                      [39m[1m[2m  3.25 kB[22m[1m[22m[2m │ gzip:   1.37 kB[22m
[2mdist/[22m[36massets/MySalaryPage-554db4a9.js              [39m[1m[2m  3.40 kB[22m[1m[22m[2m │ gzip:   1.37 kB[22m
[2mdist/[22m[36massets/index-d803e0be.js                     [39m[1m[2m  3.46 kB[22m[1m[22m[2m │ gzip:   1.58 kB[22m
[2mdist/[22m[36massets/SaleEditDialog-cdd3c907.js            [39m[1m[2m  3.48 kB[22m[1m[22m[2m │ gzip:   1.40 kB[22m
[2mdist/[22m[36massets/index-0e5cfdd0.js                     [39m[1m[2m  3.54 kB[22m[1m[22m[2m │ gzip:   1.54 kB[22m
[2mdist/[22m[36massets/SystemSettings-49fcca78.js            [39m[1m[2m  3.92 kB[22m[1m[22m[2m │ gzip:   1.54 kB[22m
[2mdist/[22m[36massets/SellerManagerDashboard-8c35211a.js    [39m[1m[2m  3.93 kB[22m[1m[22m[2m │ gzip:   1.85 kB[22m
[2mdist/[22m[36massets/SellerSummary-c2117ff9.js             [39m[1m[2m  4.25 kB[22m[1m[22m[2m │ gzip:   1.64 kB[22m
[2mdist/[22m[36massets/RoleSelectionPage-9ec464c6.js         [39m[1m[2m  4.64 kB[22m[1m[22m[2m │ gzip:   1.49 kB[22m
[2mdist/[22m[36massets/alert-dialog-e42fa402.js              [39m[1m[2m  4.78 kB[22m[1m[22m[2m │ gzip:   1.76 kB[22m
[2mdist/[22m[36massets/CustomersManagement-6682dfc1.js       [39m[1m[2m  4.87 kB[22m[1m[22m[2m │ gzip:   2.00 kB[22m
[2mdist/[22m[36massets/BusinessDetail-a4d531f4.js            [39m[1m[2m  4.93 kB[22m[1m[22m[2m │ gzip:   1.75 kB[22m
[2mdist/[22m[36massets/AdminLayout-3eaea76e.js               [39m[1m[2m  5.00 kB[22m[1m[22m[2m │ gzip:   1.87 kB[22m
[2mdist/[22m[36massets/SaleDetailsDialog-89549cc0.js         [39m[1m[2m  5.23 kB[22m[1m[22m[2m │ gzip:   1.56 kB[22m
[2mdist/[22m[36massets/BusinessesManagement-9336591a.js      [39m[1m[2m  5.26 kB[22m[1m[22m[2m │ gzip:   2.02 kB[22m
[2mdist/[22m[36massets/ExpensesManagement-2ce881d0.js        [39m[1m[2m  5.45 kB[22m[1m[22m[2m │ gzip:   2.22 kB[22m
[2mdist/[22m[36massets/BusinessProfileSetupPage-e96d4f8a.js  [39m[1m[2m  5.55 kB[22m[1m[22m[2m │ gzip:   2.15 kB[22m
[2mdist/[22m[36massets/OwnerDashboard-ff2b8eb2.js            [39m[1m[2m  5.57 kB[22m[1m[22m[2m │ gzip:   1.85 kB[22m
[2mdist/[22m[36massets/CollectionsManagement-407044f0.js     [39m[1m[2m  5.77 kB[22m[1m[22m[2m │ gzip:   2.34 kB[22m
[2mdist/[22m[36massets/UsersManagement-4c47f933.js           [39m[1m[2m  5.90 kB[22m[1m[22m[2m │ gzip:   2.23 kB[22m
[2mdist/[22m[36massets/AdminDashboard-08f09c15.js            [39m[1m[2m  5.95 kB[22m[1m[22m[2m │ gzip:   2.14 kB[22m
[2mdist/[22m[36massets/AuditLog-7c22cad9.js                  [39m[1m[2m  6.49 kB[22m[1m[22m[2m │ gzip:   2.24 kB[22m
[2mdist/[22m[36massets/ForgotPasswordPage-f3e89514.js        [39m[1m[2m  6.59 kB[22m[1m[22m[2m │ gzip:   2.80 kB[22m
[2mdist/[22m[36massets/CustomerManagement-1f31b2d1.js        [39m[1m[2m  6.87 kB[22m[1m[22m[2m │ gzip:   2.61 kB[22m
[2mdist/[22m[36massets/CartesianGrid-bbde74ef.js             [39m[1m[2m  6.87 kB[22m[1m[22m[2m │ gzip:   2.40 kB[22m
[2mdist/[22m[36massets/LoginPage-fba59f9b.js                 [39m[1m[2m  6.88 kB[22m[1m[22m[2m │ gzip:   2.95 kB[22m
[2mdist/[22m[36massets/MarketPage-d5340b63.js                [39m[1m[2m  7.11 kB[22m[1m[22m[2m │ gzip:   2.60 kB[22m
[2mdist/[22m[36massets/TeamManagement-f6a93fa9.js            [39m[1m[2m  7.30 kB[22m[1m[22m[2m │ gzip:   2.85 kB[22m
[2mdist/[22m[36massets/GiftCardManagement-37c03af3.js        [39m[1m[2m  7.57 kB[22m[1m[22m[2m │ gzip:   2.66 kB[22m
[2mdist/[22m[36massets/OwnerExpensesPage-1b33d50d.js         [39m[1m[2m  8.32 kB[22m[1m[22m[2m │ gzip:   2.98 kB[22m
[2mdist/[22m[36massets/CollectionManagement-68da54e8.js      [39m[1m[2m  8.37 kB[22m[1m[22m[2m │ gzip:   3.28 kB[22m
[2mdist/[22m[36massets/index-d7f8b72f.js                     [39m[1m[2m  9.00 kB[22m[1m[22m[2m │ gzip:   3.43 kB[22m
[2mdist/[22m[36massets/DueCollections-dea40f9b.js            [39m[1m[2m  9.31 kB[22m[1m[22m[2m │ gzip:   3.17 kB[22m
[2mdist/[22m[36massets/CustomerDetailsDialog-8cca4c37.js     [39m[1m[2m  9.50 kB[22m[1m[22m[2m │ gzip:   3.17 kB[22m
[2mdist/[22m[36massets/ReplacementHistory-43ec0b59.js        [39m[1m[2m  9.92 kB[22m[1m[22m[2m │ gzip:   3.30 kB[22m
[2mdist/[22m[36massets/CategoryManagerDialog-afc3088c.js     [39m[1m[2m 10.08 kB[22m[1m[22m[2m │ gzip:   3.24 kB[22m
[2mdist/[22m[36massets/OwnerAccountPage-b4afbc79.js          [39m[1m[2m 10.30 kB[22m[1m[22m[2m │ gzip:   3.40 kB[22m
[2mdist/[22m[36massets/DamageManagement-be9d9e50.js          [39m[1m[2m 10.49 kB[22m[1m[22m[2m │ gzip:   3.68 kB[22m
[2mdist/[22m[36massets/ResetPasswordPage-0396895e.js         [39m[1m[2m 10.98 kB[22m[1m[22m[2m │ gzip:   4.44 kB[22m
[2mdist/[22m[36massets/SalesManagement-465eee5c.js           [39m[1m[2m 11.05 kB[22m[1m[22m[2m │ gzip:   3.59 kB[22m
[2mdist/[22m[36massets/SignupPage-0de3ab64.js                [39m[1m[2m 12.07 kB[22m[1m[22m[2m │ gzip:   3.49 kB[22m
[2mdist/[22m[36massets/Combination-67173685.js               [39m[1m[2m 12.20 kB[22m[1m[22m[2m │ gzip:   4.70 kB[22m
[2mdist/[22m[36massets/CreateCollectionDialog-e3e07afe.js    [39m[1m[2m 12.31 kB[22m[1m[22m[2m │ gzip:   3.86 kB[22m
[2mdist/[22m[36massets/ProfilePage-328ef9a8.js               [39m[1m[2m 12.63 kB[22m[1m[22m[2m │ gzip:   4.18 kB[22m
[2mdist/[22m[36massets/SupplierManagement-cd4ce96c.js        [39m[1m[2m 12.86 kB[22m[1m[22m[2m │ gzip:   4.03 kB[22m
[2mdist/[22m[36massets/DamageManagement-7deea69b.js          [39m[1m[2m 13.30 kB[22m[1m[22m[2m │ gzip:   4.76 kB[22m
[2mdist/[22m[36massets/FinancialReports-dc2fff11.js          [39m[1m[2m 14.07 kB[22m[1m[22m[2m │ gzip:   4.46 kB[22m
[2mdist/[22m[36massets/SalesPage-fa40f4b7.js                 [39m[1m[2m 15.75 kB[22m[1m[22m[2m │ gzip:   4.55 kB[22m
[2mdist/[22m[36massets/Helmet-00289f38.js                    [39m[1m[2m 16.46 kB[22m[1m[22m[2m │ gzip:   6.00 kB[22m
[2mdist/[22m[36massets/SettingsPage-a4856fe7.js              [39m[1m[2m 17.46 kB[22m[1m[22m[2m │ gzip:   6.07 kB[22m
[2mdist/[22m[36massets/BarChart-d49dbb17.js                  [39m[1m[2m 18.17 kB[22m[1m[22m[2m │ gzip:   4.93 kB[22m
[2mdist/[22m[36massets/papaparse.min-2ab5360e.js             [39m[1m[2m 19.46 kB[22m[1m[22m[2m │ gzip:   7.22 kB[22m
[2mdist/[22m[36massets/DashboardLayout-ee5f3b66.js           [39m[1m[2m 20.71 kB[22m[1m[22m[2m │ gzip:   7.30 kB[22m
[2mdist/[22m[36massets/format-b49a8af5.js                    [39m[1m[2m 20.74 kB[22m[1m[22m[2m │ gzip:   5.87 kB[22m
[2mdist/[22m[36massets/StockPage-bd1a5fa2.js                 [39m[1m[2m 21.03 kB[22m[1m[22m[2m │ gzip:   6.16 kB[22m
[2mdist/[22m[36massets/floating-ui.react-dom-974e8013.js     [39m[1m[2m 21.89 kB[22m[1m[22m[2m │ gzip:   8.41 kB[22m
[2mdist/[22m[36massets/BusinessExpenses-202d2a27.js          [39m[1m[2m 22.75 kB[22m[1m[22m[2m │ gzip:   6.58 kB[22m
[2mdist/[22m[36massets/dropdown-menu-7d85dbbd.js             [39m[1m[2m 24.23 kB[22m[1m[22m[2m │ gzip:   7.76 kB[22m
[2mdist/[22m[36massets/popover-f81f8a7a.js                   [39m[1m[2m 24.79 kB[22m[1m[22m[2m │ gzip:   8.78 kB[22m
[2mdist/[22m[36massets/UserHoverCard-83051eb6.js             [39m[1m[2m 24.97 kB[22m[1m[22m[2m │ gzip:   8.78 kB[22m
[2mdist/[22m[36massets/MarketOverviewPage-bbe8432d.js        [39m[1m[2m 25.04 kB[22m[1m[22m[2m │ gzip:   6.97 kB[22m
[2mdist/[22m[36massets/PieChart-c1498cdf.js                  [39m[1m[2m 26.02 kB[22m[1m[22m[2m │ gzip:   7.04 kB[22m
[2mdist/[22m[36massets/command-abf119f6.js                   [39m[1m[2m 33.80 kB[22m[1m[22m[2m │ gzip:  11.77 kB[22m
[2mdist/[22m[36massets/calendar-a8a99ad2.js                  [39m[1m[2m 34.39 kB[22m[1m[22m[2m │ gzip:  10.90 kB[22m
[2mdist/[22m[36massets/select-9c565c2c.js                    [39m[1m[2m 39.28 kB[22m[1m[22m[2m │ gzip:  13.62 kB[22m
[2mdist/[22m[36massets/types-77ab2a3c.js                     [39m[1m[2m 82.62 kB[22m[1m[22m[2m │ gzip:  22.70 kB[22m
[2mdist/[22m[36massets/motion-2d625b94.js                    [39m[1m[2m 98.65 kB[22m[1m[22m[2m │ gzip:  33.20 kB[22m
[2mdist/[22m[36massets/generateCategoricalChart-1c8a6d4d.js  [39m[1m[2m350.48 kB[22m[1m[22m[2m │ gzip:  97.98 kB[22m
[2mdist/[22m[36massets/index-778f4f83.js                     [39m[1m[2m457.47 kB[22m[1m[22m[2m │ gzip: 128.75 kB[22m
[32m✓ built in 10.97s[39m
